Determining if the pthread_create exist failed with the following output:
Change Dir: /home/mivia/ProjectWorkspace/build/vision_msgs/CMakeFiles/CMakeTmp

Run Build Command:"/usr/bin/make" "cmTC_329ca/fast"
/usr/bin/make -f CMakeFiles/cmTC_329ca.dir/build.make CMakeFiles/cmTC_329ca.dir/build
make[1]: Entering directory '/home/mivia/ProjectWorkspace/build/vision_msgs/CMakeFiles/CMakeTmp'
Building C object CMakeFiles/cmTC_329ca.dir/CheckSymbolExists.c.o
/usr/bin/cc    -o CMakeFiles/cmTC_329ca.dir/CheckSymbolExists.c.o   -c /home/mivia/ProjectWorkspace/build/vision_msgs/CMakeFiles/CMakeTmp/CheckSymbolExists.c
Linking C executable cmTC_329ca
/usr/bin/cmake -E cmake_link_script CMakeFiles/cmTC_329ca.dir/link.txt --verbose=1
/usr/bin/cc      -rdynamic CMakeFiles/cmTC_329ca.dir/CheckSymbolExists.c.o  -o cmTC_329ca 
CMakeFiles/cmTC_329ca.dir/CheckSymbolExists.c.o: In function `main':
CheckSymbolExists.c:(.text+0x1b): undefined reference to `pthread_create'
collect2: error: ld returned 1 exit status
CMakeFiles/cmTC_329ca.dir/build.make:97: recipe for target 'cmTC_329ca' failed
make[1]: *** [cmTC_329ca] Error 1
make[1]: Leaving directory '/home/mivia/ProjectWorkspace/build/vision_msgs/CMakeFiles/CMakeTmp'
Makefile:126: recipe for target 'cmTC_329ca/fast' failed
make: *** [cmTC_329ca/fast] Error 2

File /home/mivia/ProjectWorkspace/build/vision_msgs/CMakeFiles/CMakeTmp/CheckSymbolExists.c:
/* */
#include <pthread.h>

int main(int argc, char** argv)
{
  (void)argv;
#ifndef pthread_create
  return ((int*)(&pthread_create))[argc];
#else
  (void)argc;
  return 0;
#endif
}

Determining if the function pthread_create exists in the pthreads failed with the following output:
Change Dir: /home/mivia/ProjectWorkspace/build/vision_msgs/CMakeFiles/CMakeTmp

Run Build Command:"/usr/bin/make" "cmTC_cd2bc/fast"
/usr/bin/make -f CMakeFiles/cmTC_cd2bc.dir/build.make CMakeFiles/cmTC_cd2bc.dir/build
make[1]: Entering directory '/home/mivia/ProjectWorkspace/build/vision_msgs/CMakeFiles/CMakeTmp'
Building C object CMakeFiles/cmTC_cd2bc.dir/CheckFunctionExists.c.o
/usr/bin/cc   -DCHECK_FUNCTION_EXISTS=pthread_create   -o CMakeFiles/cmTC_cd2bc.dir/CheckFunctionExists.c.o   -c /usr/share/cmake-3.10/Modules/CheckFunctionExists.c
Linking C executable cmTC_cd2bc
/usr/bin/cmake -E cmake_link_script CMakeFiles/cmTC_cd2bc.dir/link.txt --verbose=1
/usr/bin/cc  -DCHECK_FUNCTION_EXISTS=pthread_create    -rdynamic CMakeFiles/cmTC_cd2bc.dir/CheckFunctionExists.c.o  -o cmTC_cd2bc -lpthreads 
/usr/bin/ld: cannot find -lpthreads
collect2: error: ld returned 1 exit status
CMakeFiles/cmTC_cd2bc.dir/build.make:97: recipe for target 'cmTC_cd2bc' failed
make[1]: *** [cmTC_cd2bc] Error 1
make[1]: Leaving directory '/home/mivia/ProjectWorkspace/build/vision_msgs/CMakeFiles/CMakeTmp'
Makefile:126: recipe for target 'cmTC_cd2bc/fast' failed
make: *** [cmTC_cd2bc/fast] Error 2


