Determining if the pthread_create exist failed with the following output:
Change Dir: /home/mivia/ProjectWorkspace/build/naoqi_apps/CMakeFiles/CMakeTmp

Run Build Command:"/usr/bin/make" "cmTC_50967/fast"
/usr/bin/make -f CMakeFiles/cmTC_50967.dir/build.make CMakeFiles/cmTC_50967.dir/build
make[1]: Entering directory '/home/mivia/ProjectWorkspace/build/naoqi_apps/CMakeFiles/CMakeTmp'
Building C object CMakeFiles/cmTC_50967.dir/CheckSymbolExists.c.o
/usr/bin/cc    -o CMakeFiles/cmTC_50967.dir/CheckSymbolExists.c.o   -c /home/mivia/ProjectWorkspace/build/naoqi_apps/CMakeFiles/CMakeTmp/CheckSymbolExists.c
Linking C executable cmTC_50967
/usr/bin/cmake -E cmake_link_script CMakeFiles/cmTC_50967.dir/link.txt --verbose=1
/usr/bin/cc      -rdynamic CMakeFiles/cmTC_50967.dir/CheckSymbolExists.c.o  -o cmTC_50967 
CMakeFiles/cmTC_50967.dir/CheckSymbolExists.c.o: In function `main':
CheckSymbolExists.c:(.text+0x1b): undefined reference to `pthread_create'
collect2: error: ld returned 1 exit status
CMakeFiles/cmTC_50967.dir/build.make:97: recipe for target 'cmTC_50967' failed
make[1]: *** [cmTC_50967] Error 1
make[1]: Leaving directory '/home/mivia/ProjectWorkspace/build/naoqi_apps/CMakeFiles/CMakeTmp'
Makefile:126: recipe for target 'cmTC_50967/fast' failed
make: *** [cmTC_50967/fast] Error 2

File /home/mivia/ProjectWorkspace/build/naoqi_apps/CMakeFiles/CMakeTmp/CheckSymbolExists.c:
/* */
#include <pthread.h>

int main(int argc, char** argv)
{
  (void)argv;
#ifndef pthread_create
  return ((int*)(&pthread_create))[argc];
#else
  (void)argc;
  return 0;
#endif
}

Determining if the function pthread_create exists in the pthreads failed with the following output:
Change Dir: /home/mivia/ProjectWorkspace/build/naoqi_apps/CMakeFiles/CMakeTmp

Run Build Command:"/usr/bin/make" "cmTC_64a13/fast"
/usr/bin/make -f CMakeFiles/cmTC_64a13.dir/build.make CMakeFiles/cmTC_64a13.dir/build
make[1]: Entering directory '/home/mivia/ProjectWorkspace/build/naoqi_apps/CMakeFiles/CMakeTmp'
Building C object CMakeFiles/cmTC_64a13.dir/CheckFunctionExists.c.o
/usr/bin/cc   -DCHECK_FUNCTION_EXISTS=pthread_create   -o CMakeFiles/cmTC_64a13.dir/CheckFunctionExists.c.o   -c /usr/share/cmake-3.10/Modules/CheckFunctionExists.c
Linking C executable cmTC_64a13
/usr/bin/cmake -E cmake_link_script CMakeFiles/cmTC_64a13.dir/link.txt --verbose=1
/usr/bin/cc  -DCHECK_FUNCTION_EXISTS=pthread_create    -rdynamic CMakeFiles/cmTC_64a13.dir/CheckFunctionExists.c.o  -o cmTC_64a13 -lpthreads 
/usr/bin/ld: cannot find -lpthreads
collect2: error: ld returned 1 exit status
CMakeFiles/cmTC_64a13.dir/build.make:97: recipe for target 'cmTC_64a13' failed
make[1]: *** [cmTC_64a13] Error 1
make[1]: Leaving directory '/home/mivia/ProjectWorkspace/build/naoqi_apps/CMakeFiles/CMakeTmp'
Makefile:126: recipe for target 'cmTC_64a13/fast' failed
make: *** [cmTC_64a13/fast] Error 2


