Determining if the pthread_create exist failed with the following output:
Change Dir: /home/mivia/ProjectWorkspace/build/head_movement/CMakeFiles/CMakeTmp

Run Build Command:"/usr/bin/make" "cmTC_dd21b/fast"
/usr/bin/make -f CMakeFiles/cmTC_dd21b.dir/build.make CMakeFiles/cmTC_dd21b.dir/build
make[1]: Entering directory '/home/mivia/ProjectWorkspace/build/head_movement/CMakeFiles/CMakeTmp'
Building C object CMakeFiles/cmTC_dd21b.dir/CheckSymbolExists.c.o
/usr/bin/cc    -o CMakeFiles/cmTC_dd21b.dir/CheckSymbolExists.c.o   -c /home/mivia/ProjectWorkspace/build/head_movement/CMakeFiles/CMakeTmp/CheckSymbolExists.c
Linking C executable cmTC_dd21b
/usr/bin/cmake -E cmake_link_script CMakeFiles/cmTC_dd21b.dir/link.txt --verbose=1
/usr/bin/cc      -rdynamic CMakeFiles/cmTC_dd21b.dir/CheckSymbolExists.c.o  -o cmTC_dd21b 
CMakeFiles/cmTC_dd21b.dir/CheckSymbolExists.c.o: In function `main':
CheckSymbolExists.c:(.text+0x1b): undefined reference to `pthread_create'
collect2: error: ld returned 1 exit status
CMakeFiles/cmTC_dd21b.dir/build.make:97: recipe for target 'cmTC_dd21b' failed
make[1]: *** [cmTC_dd21b] Error 1
make[1]: Leaving directory '/home/mivia/ProjectWorkspace/build/head_movement/CMakeFiles/CMakeTmp'
Makefile:126: recipe for target 'cmTC_dd21b/fast' failed
make: *** [cmTC_dd21b/fast] Error 2

File /home/mivia/ProjectWorkspace/build/head_movement/CMakeFiles/CMakeTmp/CheckSymbolExists.c:
/* */
#include <pthread.h>

int main(int argc, char** argv)
{
  (void)argv;
#ifndef pthread_create
  return ((int*)(&pthread_create))[argc];
#else
  (void)argc;
  return 0;
#endif
}

Determining if the function pthread_create exists in the pthreads failed with the following output:
Change Dir: /home/mivia/ProjectWorkspace/build/head_movement/CMakeFiles/CMakeTmp

Run Build Command:"/usr/bin/make" "cmTC_e8076/fast"
/usr/bin/make -f CMakeFiles/cmTC_e8076.dir/build.make CMakeFiles/cmTC_e8076.dir/build
make[1]: Entering directory '/home/mivia/ProjectWorkspace/build/head_movement/CMakeFiles/CMakeTmp'
Building C object CMakeFiles/cmTC_e8076.dir/CheckFunctionExists.c.o
/usr/bin/cc   -DCHECK_FUNCTION_EXISTS=pthread_create   -o CMakeFiles/cmTC_e8076.dir/CheckFunctionExists.c.o   -c /usr/share/cmake-3.10/Modules/CheckFunctionExists.c
Linking C executable cmTC_e8076
/usr/bin/cmake -E cmake_link_script CMakeFiles/cmTC_e8076.dir/link.txt --verbose=1
/usr/bin/cc  -DCHECK_FUNCTION_EXISTS=pthread_create    -rdynamic CMakeFiles/cmTC_e8076.dir/CheckFunctionExists.c.o  -o cmTC_e8076 -lpthreads 
/usr/bin/ld: cannot find -lpthreads
collect2: error: ld returned 1 exit status
CMakeFiles/cmTC_e8076.dir/build.make:97: recipe for target 'cmTC_e8076' failed
make[1]: *** [cmTC_e8076] Error 1
make[1]: Leaving directory '/home/mivia/ProjectWorkspace/build/head_movement/CMakeFiles/CMakeTmp'
Makefile:126: recipe for target 'cmTC_e8076/fast' failed
make: *** [cmTC_e8076/fast] Error 2


